<?xml version="1.0" encoding="UTF-8"?>
<!-- Generated by org.testng.reporters.JUnitReportReporter -->
<testsuite skipped="0" hostname="Admins-iMac.fios-router.home" name="group99bank.g99bank.test.LoginUser" tests="4" failures="0" timestamp="08 Sep 2017 19:31:45 GMT" time="14.803" errors="0">
  <testcase name="login" time="3.995" classname="group99bank.g99bank.test.LoginUser"/>
  <testcase name="login" time="3.720" classname="group99bank.g99bank.test.LoginUser"/>
  <testcase name="login" time="3.651" classname="group99bank.g99bank.test.LoginUser"/>
  <testcase name="login" time="3.437" classname="group99bank.g99bank.test.LoginUser"/>
</testsuite> <!-- group99bank.g99bank.test.LoginUser -->
