<?xml version="1.0" encoding="UTF-8"?>
<!-- Generated by org.testng.reporters.JUnitReportReporter -->
<testsuite skipped="0" hostname="Admins-iMac.fios-router.home" name="group99bank.g99bank.test.LoginUser" tests="4" failures="0" timestamp="08 Sep 2017 13:58:19 GMT" time="14.271" errors="0">
  <testcase name="login" time="4.028" classname="group99bank.g99bank.test.LoginUser"/>
  <testcase name="login" time="3.382" classname="group99bank.g99bank.test.LoginUser"/>
  <testcase name="login" time="3.423" classname="group99bank.g99bank.test.LoginUser"/>
  <testcase name="login" time="3.438" classname="group99bank.g99bank.test.LoginUser"/>
</testsuite> <!-- group99bank.g99bank.test.LoginUser -->
