<?xml version="1.0" encoding="UTF-8"?>
<!-- Generated by org.testng.reporters.JUnitReportReporter -->
<testsuite skipped="0" hostname="Admins-iMac.fios-router.home" name="group99bank.g99bank.test.testExcel" tests="1" failures="0" timestamp="08 Sep 2017 12:17:47 GMT" time="0.248" errors="0">
  <testcase name="testEF" time="0.248" classname="group99bank.g99bank.test.testExcel"/>
</testsuite> <!-- group99bank.g99bank.test.testExcel -->
