<?xml version="1.0" encoding="UTF-8"?>
<!-- Generated by org.testng.reporters.JUnitReportReporter -->
<testsuite skipped="0" hostname="Admins-iMac.fios-router.home" name="group99bank.g99bank.test.LoginUser2" tests="4" failures="0" timestamp="11 Sep 2017 18:35:31 GMT" time="17.995" errors="0">
  <testcase name="login" time="6.160" classname="group99bank.g99bank.test.LoginUser2"/>
  <testcase name="login" time="4.104" classname="group99bank.g99bank.test.LoginUser2"/>
  <testcase name="login" time="3.787" classname="group99bank.g99bank.test.LoginUser2"/>
  <testcase name="login" time="3.944" classname="group99bank.g99bank.test.LoginUser2"/>
</testsuite> <!-- group99bank.g99bank.test.LoginUser2 -->
